{"C:\\Users\\pc-007\\Documents\\block8\\6. NodeJS\\back-end\\back\\app.js": {"path":"C:\\Users\\pc-007\\Documents\\block8\\6. NodeJS\\back-end\\back\\app.js","statementMap":{"0":{"start":{"line":1,"column":16},"end":{"line":1,"column":34}},"1":{"start":{"line":2,"column":14},"end":{"line":2,"column":51}},"2":{"start":{"line":3,"column":15},"end":{"line":3,"column":40}},"3":{"start":{"line":4,"column":12},"end":{"line":4,"column":21}},"4":{"start":{"line":6,"column":0},"end":{"line":6,"column":48}},"5":{"start":{"line":7,"column":0},"end":{"line":7,"column":23}},"6":{"start":{"line":9,"column":0},"end":{"line":9,"column":15}},"7":{"start":{"line":10,"column":0},"end":{"line":10,"column":14}},"8":{"start":{"line":12,"column":0},"end":{"line":12,"column":20}}},"fnMap":{},"branchMap":{},"s":{"0":1,"1":1,"2":1,"3":1,"4":1,"5":1,"6":1,"7":1,"8":1},"f":{},"b":{},"_coverageSchema":"1a1c01bbd47fc00a2c39e90264f33305004495a9","hash":"273c25d9d1bd1f041a71fa07fc1f5e10df74c35e"}
,"C:\\Users\\pc-007\\Documents\\block8\\6. NodeJS\\back-end\\back\\middlewares\\errorHandler.js": {"path":"C:\\Users\\pc-007\\Documents\\block8\\6. NodeJS\\back-end\\back\\middlewares\\errorHandler.js","statementMap":{"0":{"start":{"line":1,"column":21},"end":{"line":4,"column":1}},"1":{"start":{"line":2,"column":4},"end":{"line":2,"column":24}},"2":{"start":{"line":3,"column":4},"end":{"line":3,"column":39}},"3":{"start":{"line":6,"column":0},"end":{"line":6,"column":29}}},"fnMap":{"0":{"name":"(anonymous_0)","decl":{"start":{"line":1,"column":21},"end":{"line":1,"column":22}},"loc":{"start":{"line":1,"column":48},"end":{"line":4,"column":1}},"line":1}},"branchMap":{},"s":{"0":1,"1":0,"2":0,"3":1},"f":{"0":0},"b":{},"_coverageSchema":"1a1c01bbd47fc00a2c39e90264f33305004495a9","hash":"315f9a7ef8bf2d3f85934c57c881a9715c326fb6"}
,"C:\\Users\\pc-007\\Documents\\block8\\6. NodeJS\\back-end\\back\\models\\index.js": {"path":"C:\\Users\\pc-007\\Documents\\block8\\6. NodeJS\\back-end\\back\\models\\index.js","statementMap":{"0":{"start":{"line":1,"column":13},"end":{"line":1,"column":28}},"1":{"start":{"line":2,"column":18},"end":{"line":2,"column":38}},"2":{"start":{"line":4,"column":12},"end":{"line":4,"column":49}},"3":{"start":{"line":5,"column":15},"end":{"line":5,"column":70}},"4":{"start":{"line":7,"column":11},"end":{"line":7,"column":13}},"5":{"start":{"line":9,"column":18},"end":{"line":9,"column":90}},"6":{"start":{"line":11,"column":0},"end":{"line":11,"column":24}},"7":{"start":{"line":12,"column":0},"end":{"line":12,"column":24}},"8":{"start":{"line":14,"column":0},"end":{"line":14,"column":55}},"9":{"start":{"line":16,"column":0},"end":{"line":16,"column":19}}},"fnMap":{},"branchMap":{"0":{"loc":{"start":{"line":4,"column":12},"end":{"line":4,"column":49}},"type":"binary-expr","locations":[{"start":{"line":4,"column":12},"end":{"line":4,"column":32}},{"start":{"line":4,"column":36},"end":{"line":4,"column":49}}],"line":4}},"s":{"0":2,"1":2,"2":2,"3":2,"4":2,"5":2,"6":2,"7":2,"8":2,"9":2},"f":{},"b":{"0":[2,0]},"_coverageSchema":"1a1c01bbd47fc00a2c39e90264f33305004495a9","hash":"0787e99d343118b193b9ade9e4f47a751b182fd4"}
,"C:\\Users\\pc-007\\Documents\\block8\\6. NodeJS\\back-end\\back\\models\\user.model.js": {"path":"C:\\Users\\pc-007\\Documents\\block8\\6. NodeJS\\back-end\\back\\models\\user.model.js","statementMap":{"0":{"start":{"line":1,"column":0},"end":{"line":29,"column":1}},"1":{"start":{"line":2,"column":4},"end":{"line":28,"column":5}}},"fnMap":{"0":{"name":"(anonymous_0)","decl":{"start":{"line":1,"column":17},"end":{"line":1,"column":18}},"loc":{"start":{"line":1,"column":43},"end":{"line":29,"column":1}},"line":1}},"branchMap":{},"s":{"0":2,"1":2},"f":{"0":2},"b":{},"_coverageSchema":"1a1c01bbd47fc00a2c39e90264f33305004495a9","hash":"c0fe05dc85a1729359f517ace84b525c92e03bdf"}
,"C:\\Users\\pc-007\\Documents\\block8\\6. NodeJS\\back-end\\back\\routes\\index.js": {"path":"C:\\Users\\pc-007\\Documents\\block8\\6. NodeJS\\back-end\\back\\routes\\index.js","statementMap":{"0":{"start":{"line":1,"column":16},"end":{"line":1,"column":34}},"1":{"start":{"line":2,"column":15},"end":{"line":2,"column":31}},"2":{"start":{"line":3,"column":18},"end":{"line":3,"column":41}},"3":{"start":{"line":5,"column":0},"end":{"line":5,"column":30}},"4":{"start":{"line":7,"column":0},"end":{"line":7,"column":23}}},"fnMap":{},"branchMap":{},"s":{"0":1,"1":1,"2":1,"3":1,"4":1},"f":{},"b":{},"_coverageSchema":"1a1c01bbd47fc00a2c39e90264f33305004495a9","hash":"327cc3c749ed6f5cec9c5010015871202dbd55d6"}
,"C:\\Users\\pc-007\\Documents\\block8\\6. NodeJS\\back-end\\back\\routes\\user.route.js": {"path":"C:\\Users\\pc-007\\Documents\\block8\\6. NodeJS\\back-end\\back\\routes\\user.route.js","statementMap":{"0":{"start":{"line":1,"column":16},"end":{"line":1,"column":34}},"1":{"start":{"line":3,"column":15},"end":{"line":3,"column":31}},"2":{"start":{"line":4,"column":23},"end":{"line":4,"column":53}},"3":{"start":{"line":22,"column":0},"end":{"line":22,"column":71}},"4":{"start":{"line":22,"column":37},"end":{"line":22,"column":70}},"5":{"start":{"line":24,"column":0},"end":{"line":24,"column":23}}},"fnMap":{"0":{"name":"(anonymous_0)","decl":{"start":{"line":22,"column":17},"end":{"line":22,"column":18}},"loc":{"start":{"line":22,"column":37},"end":{"line":22,"column":70}},"line":22}},"branchMap":{},"s":{"0":1,"1":1,"2":1,"3":1,"4":1,"5":1},"f":{"0":1},"b":{},"_coverageSchema":"1a1c01bbd47fc00a2c39e90264f33305004495a9","hash":"65aa792fb6298e9cd5ae7af2466f70614f85c040"}
,"C:\\Users\\pc-007\\Documents\\block8\\6. NodeJS\\back-end\\back\\user\\user.controller.js": {"path":"C:\\Users\\pc-007\\Documents\\block8\\6. NodeJS\\back-end\\back\\user\\user.controller.js","statementMap":{"0":{"start":{"line":3,"column":8},"end":{"line":3,"column":38}},"1":{"start":{"line":7,"column":8},"end":{"line":13,"column":9}},"2":{"start":{"line":8,"column":49},"end":{"line":8,"column":57}},"3":{"start":{"line":9,"column":29},"end":{"line":9,"column":88}},"4":{"start":{"line":10,"column":12},"end":{"line":10,"column":42}},"5":{"start":{"line":12,"column":12},"end":{"line":12,"column":19}},"6":{"start":{"line":17,"column":0},"end":{"line":17,"column":31}}},"fnMap":{"0":{"name":"(anonymous_0)","decl":{"start":{"line":2,"column":4},"end":{"line":2,"column":5}},"loc":{"start":{"line":2,"column":33},"end":{"line":4,"column":5}},"line":2},"1":{"name":"(anonymous_1)","decl":{"start":{"line":6,"column":4},"end":{"line":6,"column":5}},"loc":{"start":{"line":6,"column":33},"end":{"line":14,"column":5}},"line":6}},"branchMap":{},"s":{"0":2,"1":4,"2":4,"3":4,"4":2,"5":2,"6":2},"f":{"0":2,"1":4},"b":{},"_coverageSchema":"1a1c01bbd47fc00a2c39e90264f33305004495a9","hash":"10a57eb36b37f3178ff3f810b291253358f92659"}
,"C:\\Users\\pc-007\\Documents\\block8\\6. NodeJS\\back-end\\back\\user\\user.module.js": {"path":"C:\\Users\\pc-007\\Documents\\block8\\6. NodeJS\\back-end\\back\\user\\user.module.js","statementMap":{"0":{"start":{"line":1,"column":15},"end":{"line":1,"column":35}},"1":{"start":{"line":2,"column":23},"end":{"line":2,"column":51}},"2":{"start":{"line":3,"column":20},"end":{"line":3,"column":45}},"3":{"start":{"line":4,"column":23},"end":{"line":4,"column":51}},"4":{"start":{"line":5,"column":19},"end":{"line":5,"column":39}},"5":{"start":{"line":7,"column":19},"end":{"line":7,"column":45}},"6":{"start":{"line":8,"column":16},"end":{"line":8,"column":71}},"7":{"start":{"line":9,"column":19},"end":{"line":9,"column":63}},"8":{"start":{"line":11,"column":0},"end":{"line":16,"column":1}}},"fnMap":{},"branchMap":{},"s":{"0":2,"1":2,"2":2,"3":2,"4":2,"5":2,"6":2,"7":2,"8":2},"f":{},"b":{},"_coverageSchema":"1a1c01bbd47fc00a2c39e90264f33305004495a9","hash":"d2d2ab1eb6df3c9c91bc1eee27c2587f2b80ea6f"}
,"C:\\Users\\pc-007\\Documents\\block8\\6. NodeJS\\back-end\\back\\user\\user.repository.js": {"path":"C:\\Users\\pc-007\\Documents\\block8\\6. NodeJS\\back-end\\back\\user\\user.repository.js","statementMap":{"0":{"start":{"line":28,"column":8},"end":{"line":28,"column":24}},"1":{"start":{"line":32,"column":8},"end":{"line":37,"column":9}},"2":{"start":{"line":33,"column":35},"end":{"line":33,"column":66}},"3":{"start":{"line":34,"column":12},"end":{"line":34,"column":29}},"4":{"start":{"line":36,"column":12},"end":{"line":36,"column":30}},"5":{"start":{"line":41,"column":8},"end":{"line":47,"column":9}},"6":{"start":{"line":42,"column":26},"end":{"line":42,"column":44}},"7":{"start":{"line":43,"column":25},"end":{"line":43,"column":59}},"8":{"start":{"line":44,"column":12},"end":{"line":44,"column":35}},"9":{"start":{"line":46,"column":12},"end":{"line":46,"column":30}},"10":{"start":{"line":51,"column":0},"end":{"line":51,"column":31}}},"fnMap":{"0":{"name":"(anonymous_0)","decl":{"start":{"line":27,"column":4},"end":{"line":27,"column":5}},"loc":{"start":{"line":27,"column":26},"end":{"line":29,"column":5}},"line":27},"1":{"name":"(anonymous_1)","decl":{"start":{"line":31,"column":4},"end":{"line":31,"column":5}},"loc":{"start":{"line":31,"column":27},"end":{"line":38,"column":5}},"line":31},"2":{"name":"(anonymous_2)","decl":{"start":{"line":40,"column":4},"end":{"line":40,"column":5}},"loc":{"start":{"line":40,"column":38},"end":{"line":48,"column":5}},"line":40}},"branchMap":{},"s":{"0":2,"1":8,"2":8,"3":4,"4":4,"5":4,"6":4,"7":4,"8":2,"9":2,"10":2},"f":{"0":2,"1":8,"2":4},"b":{},"_coverageSchema":"1a1c01bbd47fc00a2c39e90264f33305004495a9","hash":"9d20005afeeca77b53fece801daea2dd3147c63c"}
,"C:\\Users\\pc-007\\Documents\\block8\\6. NodeJS\\back-end\\back\\user\\user.service.js": {"path":"C:\\Users\\pc-007\\Documents\\block8\\6. NodeJS\\back-end\\back\\user\\user.service.js","statementMap":{"0":{"start":{"line":3,"column":8},"end":{"line":3,"column":44}},"1":{"start":{"line":4,"column":8},"end":{"line":4,"column":28}},"2":{"start":{"line":8,"column":8},"end":{"line":14,"column":9}},"3":{"start":{"line":9,"column":29},"end":{"line":9,"column":59}},"4":{"start":{"line":10,"column":25},"end":{"line":10,"column":98}},"5":{"start":{"line":11,"column":12},"end":{"line":11,"column":23}},"6":{"start":{"line":13,"column":12},"end":{"line":13,"column":30}},"7":{"start":{"line":18,"column":8},"end":{"line":25,"column":9}},"8":{"start":{"line":19,"column":29},"end":{"line":19,"column":59}},"9":{"start":{"line":20,"column":25},"end":{"line":20,"column":88}},"10":{"start":{"line":21,"column":12},"end":{"line":21,"column":23}},"11":{"start":{"line":23,"column":12},"end":{"line":23,"column":26}},"12":{"start":{"line":24,"column":12},"end":{"line":24,"column":30}},"13":{"start":{"line":29,"column":0},"end":{"line":29,"column":28}}},"fnMap":{"0":{"name":"(anonymous_0)","decl":{"start":{"line":2,"column":4},"end":{"line":2,"column":5}},"loc":{"start":{"line":2,"column":44},"end":{"line":5,"column":5}},"line":2},"1":{"name":"(anonymous_1)","decl":{"start":{"line":7,"column":4},"end":{"line":7,"column":5}},"loc":{"start":{"line":7,"column":47},"end":{"line":15,"column":5}},"line":7},"2":{"name":"(anonymous_2)","decl":{"start":{"line":17,"column":4},"end":{"line":17,"column":5}},"loc":{"start":{"line":17,"column":36},"end":{"line":26,"column":5}},"line":17}},"branchMap":{},"s":{"0":2,"1":2,"2":6,"3":6,"4":6,"5":3,"6":3,"7":2,"8":2,"9":2,"10":1,"11":1,"12":1,"13":2},"f":{"0":2,"1":6,"2":2},"b":{},"_coverageSchema":"1a1c01bbd47fc00a2c39e90264f33305004495a9","hash":"162cbef1394940ec3850af19965f7d293bc6bb2d"}
}
